<?xml version="1.0" encoding="UTF-8"?>
<testng-results ignored="0" total="1" passed="1" failed="0" skipped="0">
  <reporter-output>
  </reporter-output>
  <suite started-at="2025-05-18T00:20:25 IST" name="Default suite" finished-at="2025-05-18T00:20:27 IST" duration-ms="1862">
    <groups>
    </groups>
    <test started-at="2025-05-18T00:20:25 IST" name="Default test" finished-at="2025-05-18T00:20:27 IST" duration-ms="1862">
      <class name="test.TC_01">
        <test-method signature="get()[pri:0, instance:test.TC_01@3590fc5b]" started-at="2025-05-18T00:20:25 IST" name="get" finished-at="2025-05-18T00:20:27 IST" duration-ms="1829" status="PASS">
          <reporter-output>
          </reporter-output>
        </test-method> <!-- get -->
      </class> <!-- test.TC_01 -->
    </test> <!-- Default test -->
  </suite> <!-- Default suite -->
</testng-results>
